生成启动时间为 2021/2/18 20:40:41。
     1>项目“F:\MSVC2010\study\study\study.vcxproj”在节点 2 上(build 个目标)。
     1>InitializeBuildStatus:
         正在对“Debug\study.unsuccessfulbuild”执行 Touch 任务。
       ClCompile:
         F:\MSVC2010\VC\bin\CL.exe /c /ZI /nologo /W3 /WX- /Od /Oy- /D _MBCS /Gm /EHsc /RTC1 /MDd /GS /fp:precise /Zc:wchar_t /Zc:forScope /Fo"Debug\\" /Fd"Debug\vc100.pdb" /Gd /TC /analyze- /errorReport:prompt 1.c
         1.c
       Link:
         F:\MSVC2010\VC\bin\link.exe /ERRORREPORT:PROMPT /OUT:"F:\MSVC2010\study\Debug\study.exe" /NOLOGO kernel32.lib user32.lib gdi32.lib winspool.lib comdlg32.lib advapi32.lib shell32.lib ole32.lib oleaut32.lib uuid.lib odbc32.lib odbccp32.lib /MANIFEST /ManifestFile:"Debug\study.exe.intermediate.manifest" /MANIFESTUAC:"level='asInvoker' uiAccess='false'" /DEBUG /PDB:"F:\MSVC2010\study\Debug\study.pdb" /SUBSYSTEM:CONSOLE /TLBID:1 /DYNAMICBASE /NXCOMPAT /IMPLIB:"F:\MSVC2010\study\Debug\study.lib" /MACHINE:X86 Debug\1.obj
         Debug\2.obj
         LINK : 没有找到 F:\MSVC2010\study\Debug\study.exe 或上一个增量链接没有生成它；正在执行完全链接
         study.vcxproj -> F:\MSVC2010\study\Debug\study.exe
       Manifest:
         C:\Program Files (x86)\Microsoft SDKs\Windows\v7.0A\bin\mt.exe /nologo /verbose /outputresource:"F:\MSVC2010\study\Debug\study.exe;#1" /manifest Debug\study.exe.intermediate.manifest
       FinalizeBuildStatus:
         正在删除文件“Debug\study.unsuccessfulbuild”。
         正在对“Debug\study.lastbuildstate”执行 Touch 任务。
     1>已完成生成项目“F:\MSVC2010\study\study\study.vcxproj”(build 个目标)的操作。

生成成功。

已用时间 00:00:00.63
