生成启动时间为 2021/2/17 0:43:39。
     1>项目“F:\MSVC2010\扫雷\扫雷\扫雷.vcxproj”在节点 2 上(build 个目标)。
     1>InitializeBuildStatus:
         正在创建“Debug\扫雷.unsuccessfulbuild”，因为已指定“AlwaysCreate”。
       ClCompile:
         F:\MSVC2010\VC\bin\CL.exe /c /ZI /nologo /W3 /WX- /Od /Oy- /D _UNICODE /D UNICODE /Gm /EHsc /RTC1 /MDd /GS /fp:precise /Zc:wchar_t /Zc:forScope /Fo"Debug\\" /Fd"Debug\vc100.pdb" /Gd /TC /analyze- /errorReport:prompt "扫雷.c"
         扫雷.c
       Link:
         F:\MSVC2010\VC\bin\link.exe /ERRORREPORT:PROMPT /OUT:"F:\MSVC2010\扫雷\Debug\扫雷.exe" /NOLOGO kernel32.lib user32.lib gdi32.lib winspool.lib comdlg32.lib advapi32.lib shell32.lib ole32.lib oleaut32.lib uuid.lib odbc32.lib odbccp32.lib /MANIFEST /ManifestFile:"Debug\扫雷.exe.intermediate.manifest" /MANIFESTUAC:"level='asInvoker' uiAccess='false'" /DEBUG /PDB:"F:\MSVC2010\扫雷\Debug\扫雷.pdb" /SUBSYSTEM:CONSOLE /TLBID:1 /DYNAMICBASE /NXCOMPAT /IMPLIB:"F:\MSVC2010\扫雷\Debug\扫雷.lib" /MACHINE:X86 Debug\test.obj
         "Debug\扫雷.obj"
         LINK : 没有找到 F:\MSVC2010\扫雷\Debug\扫雷.exe 或上一个增量链接没有生成它；正在执行完全链接
         扫雷.vcxproj -> F:\MSVC2010\扫雷\Debug\扫雷.exe
       Manifest:
         C:\Program Files (x86)\Microsoft SDKs\Windows\v7.0A\bin\mt.exe /nologo /verbose /outputresource:"F:\MSVC2010\扫雷\Debug\扫雷.exe;#1" /manifest "Debug\扫雷.exe.intermediate.manifest"
       FinalizeBuildStatus:
         正在删除文件“Debug\扫雷.unsuccessfulbuild”。
         正在对“Debug\扫雷.lastbuildstate”执行 Touch 任务。
     1>已完成生成项目“F:\MSVC2010\扫雷\扫雷\扫雷.vcxproj”(build 个目标)的操作。

生成成功。

已用时间 00:00:00.58
